<?xml version="1.0" encoding="UTF-8"?>
<!-- Generated by org.testng.reporters.JUnitReportReporter -->
<testsuite hostname="OCT-JULIEN" failures="0" tests="2" name="TestLogin" time="21.306" errors="0" timestamp="2022-07-05T17:36:38 WAT" skipped="0">
  <testcase classname="TestLogin" name="ValidEmailAndPassword" time="3.638"/>
  <system-out/>
  <testcase classname="TestLogin" name="NegativeTests" time="17.668"/>
  <system-out/>
</testsuite> <!-- TestLogin -->
