<?xml version="1.0" encoding="UTF-8"?>
<!-- Generated by org.testng.reporters.JUnitReportReporter -->
<testsuite hostname="OCT-JULIEN" failures="0" tests="1" name="ipConfiguration" time="4.391" errors="0" timestamp="2022-07-05T17:36:38 WAT" skipped="0">
  <testcase classname="ipConfiguration" name="CreateIPconfigSuccess" time="4.391"/>
  <system-out/>
</testsuite> <!-- ipConfiguration -->
