<?xml version="1.0" encoding="UTF-8"?>
<!-- Generated by org.testng.reporters.JUnitReportReporter -->
<testsuite hostname="OCT-JULIEN" failures="0" tests="1" name="TestLogin" time="2.493" errors="0" timestamp="2022-06-15T11:06:53 WAT" skipped="0">
  <testcase classname="TestLogin" name="Login" time="2.493"/>
  <system-out/>
</testsuite> <!-- TestLogin -->
