<?xml version="1.0" encoding="UTF-8"?>
<!-- Generated by org.testng.reporters.JUnitReportReporter -->
<testsuite skipped="0" hostname="OCT-JULIEN" name="TestLogin" tests="2" failures="0" timestamp="2022-07-07T13:48:24 WAT" time="20.789" errors="0">
  <testcase name="ValidEmailAndPassword" time="3.742" classname="TestLogin"/>
  <system-out/>
  <testcase name="NegativeTests" time="17.047" classname="TestLogin"/>
  <system-out/>
</testsuite> <!-- TestLogin -->
